Build started 10/6/2015 3:59:50 PM.
     1>Project "G:\Files\Programs\Git\CS6068-Parallel-Computing\Udacity\Udacity 1\Udacity 1\Udacity 1.vcxproj" on node 2 (Build target(s)).
     1>AddCudaCompileDeps:
         C:\Program Files (x86)\Microsoft Visual Studio 12.0\VC\bin\x86_amd64\cl.exe /E /nologo /showIncludes /TP /D__CUDACC__ /DWIN32 /DWIN64 /DNDEBUG /D_CONSOLE /D_MBCS /IC:\opencv\build\include /I"C:\Program Files\NVIDIA GPU Computing Toolkit\CUDA\v7.0\include" /I"C:\Program Files\NVIDIA GPU Computing Toolkit\CUDA\v7.0\bin" /I"C:\Program Files\NVIDIA GPU Computing Toolkit\CUDA\v7.0\include" /I. /FIcuda_runtime.h /c "G:\Files\Programs\Git\CS6068-Parallel-Computing\Udacity\Udacity 1\Udacity 1\student_func.cu" 
       CudaBuild:
         Compiling CUDA source file student_func.cu...
         cmd.exe /C "C:\Users\Jeff\AppData\Local\Temp\tmpa1ab9979cf484d5b81289c341626540b.cmd"
         "C:\Program Files\NVIDIA GPU Computing Toolkit\CUDA\v7.0\bin\nvcc.exe" -gencode=arch=compute_20,code=\"sm_20,compute_20\" --use-local-env --cl-version 2013 -ccbin "C:\Program Files (x86)\Microsoft Visual Studio 12.0\VC\bin\x86_amd64"  -IC:\opencv\build\include -I"C:\Program Files\NVIDIA GPU Computing Toolkit\CUDA\v7.0\include" -I"C:\Program Files\NVIDIA GPU Computing Toolkit\CUDA\v7.0\include"     --keep-dir x64\Release -maxrregcount=0  --machine 64 --compile -cudart static     -DWIN32 -DWIN64 -DNDEBUG -D_CONSOLE -D_MBCS -Xcompiler "/EHsc /W3 /nologo /O2 /Zi  /MD  " -o x64\Release\student_func.cu.obj "G:\Files\Programs\Git\CS6068-Parallel-Computing\Udacity\Udacity 1\Udacity 1\student_func.cu"
         
         G:\Files\Programs\Git\CS6068-Parallel-Computing\Udacity\Udacity 1\Udacity 1>"C:\Program Files\NVIDIA GPU Computing Toolkit\CUDA\v7.0\bin\nvcc.exe" -gencode=arch=compute_20,code=\"sm_20,compute_20\" --use-local-env --cl-version 2013 -ccbin "C:\Program Files (x86)\Microsoft Visual Studio 12.0\VC\bin\x86_amd64"  -IC:\opencv\build\include -I"C:\Program Files\NVIDIA GPU Computing Toolkit\CUDA\v7.0\include" -I"C:\Program Files\NVIDIA GPU Computing Toolkit\CUDA\v7.0\include"     --keep-dir x64\Release -maxrregcount=0  --machine 64 --compile -cudart static     -DWIN32 -DWIN64 -DNDEBUG -D_CONSOLE -D_MBCS -Xcompiler "/EHsc /W3 /nologo /O2 /Zi  /MD  " -o x64\Release\student_func.cu.obj "G:\Files\Programs\Git\CS6068-Parallel-Computing\Udacity\Udacity 1\Udacity 1\student_func.cu" 
     1>G:/Files/Programs/Git/CS6068-Parallel-Computing/Udacity/Udacity 1/Udacity 1/student_func.cu(70): warning : variable "blockSi" was declared but never referenced
     1>G:/Files/Programs/Git/CS6068-Parallel-Computing/Udacity/Udacity 1/Udacity 1/student_func.cu(70): warning : variable "blockSi" was declared but never referenced
         student_func.cu
     1>G:/Files/Programs/Git/CS6068-Parallel-Computing/Udacity/Udacity 1/Udacity 1/student_func.cu(71): warning C4244: 'initializing' : conversion from 'float' to 'int', possible loss of data
     1>G:/Files/Programs/Git/CS6068-Parallel-Computing/Udacity/Udacity 1/Udacity 1/student_func.cu(72): warning C4244: 'initializing' : conversion from 'float' to 'int', possible loss of data
     1>G:/Files/Programs/Git/CS6068-Parallel-Computing/Udacity/Udacity 1/Udacity 1/student_func.cu(79): warning C4267: 'argument' : conversion from 'size_t' to 'int', possible loss of data
       Link:
         C:\Program Files (x86)\Microsoft Visual Studio 12.0\VC\bin\x86_amd64\link.exe /ERRORREPORT:PROMPT /OUT:"G:\Files\Programs\Git\CS6068-Parallel-Computing\Udacity\Udacity 1\x64\Release\Udacity 1.exe" /NOLOGO /LIBPATH:C:\opencv\build\x64\vc12\bin /LIBPATH:C:\opencv\build\x64\vc12\lib /LIBPATH:"C:\Program Files\NVIDIA GPU Computing Toolkit\CUDA\v7.0\lib\x64" cudart.lib kernel32.lib user32.lib gdi32.lib winspool.lib comdlg32.lib advapi32.lib shell32.lib ole32.lib oleaut32.lib uuid.lib odbc32.lib odbccp32.lib opencv_calib3d2411.lib opencv_contrib2411.lib opencv_core2411.lib opencv_features2d2411.lib opencv_flann2411.lib opencv_gpu2411.lib opencv_highgui2411.lib opencv_imgproc2411.lib opencv_legacy2411.lib opencv_ml2411.lib opencv_nonfree2411.lib opencv_objdetect2411.lib opencv_photo2411.lib opencv_stitching2411.lib opencv_superres2411.lib opencv_ts2411.lib opencv_video2411.lib opencv_videostab2411.lib /MANIFEST /MANIFESTUAC:"level='asInvoker' uiAccess='false'" /manifest:embed /DEBUG /PDB:"G:\Files\Programs\Git\CS6068-Parallel-Computing\Udacity\Udacity 1\x64\Release\Udacity 1.pdb" /SUBSYSTEM:CONSOLE /OPT:REF /OPT:ICF /LTCG /TLBID:1 /DYNAMICBASE /NXCOMPAT /IMPLIB:"G:\Files\Programs\Git\CS6068-Parallel-Computing\Udacity\Udacity 1\x64\Release\Udacity 1.lib" /MACHINE:X64 x64\Release\student_func.cu.obj
         x64\Release\compare.obj
         x64\Release\main.obj
         x64\Release\reference_calc.obj
         Generating code
         Finished generating code
         Udacity 1.vcxproj -> G:\Files\Programs\Git\CS6068-Parallel-Computing\Udacity\Udacity 1\x64\Release\Udacity 1.exe
       PostBuildEvent:
         echo copy "C:\Program Files\NVIDIA GPU Computing Toolkit\CUDA\v7.0\bin\cudart*.dll" "G:\Files\Programs\Git\CS6068-Parallel-Computing\Udacity\Udacity 1\x64\Release\"
         copy "C:\Program Files\NVIDIA GPU Computing Toolkit\CUDA\v7.0\bin\cudart*.dll" "G:\Files\Programs\Git\CS6068-Parallel-Computing\Udacity\Udacity 1\x64\Release\"
         :VCEnd
         copy "C:\Program Files\NVIDIA GPU Computing Toolkit\CUDA\v7.0\bin\cudart*.dll" "G:\Files\Programs\Git\CS6068-Parallel-Computing\Udacity\Udacity 1\x64\Release\"
         C:\Program Files\NVIDIA GPU Computing Toolkit\CUDA\v7.0\bin\cudart32_70.dll
         C:\Program Files\NVIDIA GPU Computing Toolkit\CUDA\v7.0\bin\cudart64_70.dll
                 2 file(s) copied.
     1>Done Building Project "G:\Files\Programs\Git\CS6068-Parallel-Computing\Udacity\Udacity 1\Udacity 1\Udacity 1.vcxproj" (Build target(s)).

Build succeeded.

Time Elapsed 00:00:10.88
