Build started 10/28/2015 7:05:44 PM.
     1>Project "G:\Files\Programs\Git\CS6068-Parallel-Computing\Udacity\Udacity 1\Udacity 3\Udacity 3.vcxproj" on node 4 (Rebuild target(s)).
     1>CudaClean:
         cmd.exe /C "C:\Users\Jeff\AppData\Local\Temp\tmpe9de90ed4f614bf089a4e1fb6b507868.cmd"
         "C:\Program Files\NVIDIA GPU Computing Toolkit\CUDA\v7.0\bin\nvcc.exe" -ccbin "C:\Program Files (x86)\Microsoft Visual Studio 12.0\VC\bin\x86_amd64"  -IC:\opencv\build\include -I"C:\Program Files\NVIDIA GPU Computing Toolkit\CUDA\v7.0\include" -I"C:\Program Files\NVIDIA GPU Computing Toolkit\CUDA\v7.0\include"  -G   --keep-dir x64\Debug -maxrregcount=0  --machine 64 --compile   -g   -DWIN32 -DWIN64 -D_DEBUG -D_CONSOLE -D_MBCS -Xcompiler "/EHsc /W3 /nologo /Od /Zi /RTC1 /MDd  " -o x64\Debug\HW3.cu.obj "G:\Files\Programs\Git\CS6068-Parallel-Computing\Udacity\Udacity 1\Udacity 3\HW3.cu" -clean
         
         G:\Files\Programs\Git\CS6068-Parallel-Computing\Udacity\Udacity 1\Udacity 3>"C:\Program Files\NVIDIA GPU Computing Toolkit\CUDA\v7.0\bin\nvcc.exe" -ccbin "C:\Program Files (x86)\Microsoft Visual Studio 12.0\VC\bin\x86_amd64"  -IC:\opencv\build\include -I"C:\Program Files\NVIDIA GPU Computing Toolkit\CUDA\v7.0\include" -I"C:\Program Files\NVIDIA GPU Computing Toolkit\CUDA\v7.0\include"  -G   --keep-dir x64\Debug -maxrregcount=0  --machine 64 --compile   -g   -DWIN32 -DWIN64 -D_DEBUG -D_CONSOLE -D_MBCS -Xcompiler "/EHsc /W3 /nologo /Od /Zi /RTC1 /MDd  " -o x64\Debug\HW3.cu.obj "G:\Files\Programs\Git\CS6068-Parallel-Computing\Udacity\Udacity 1\Udacity 3\HW3.cu" -clean 
         HW3.cu
       CudaClean:
         cmd.exe /C "C:\Users\Jeff\AppData\Local\Temp\tmp17b7013960704973aee547c36d915e6d.cmd"
         "C:\Program Files\NVIDIA GPU Computing Toolkit\CUDA\v7.0\bin\nvcc.exe" -ccbin "C:\Program Files (x86)\Microsoft Visual Studio 12.0\VC\bin\x86_amd64"  -IC:\opencv\build\include -I"C:\Program Files\NVIDIA GPU Computing Toolkit\CUDA\v7.0\include" -I"C:\Program Files\NVIDIA GPU Computing Toolkit\CUDA\v7.0\include"  -G   --keep-dir x64\Debug -maxrregcount=0  --machine 64 --compile   -g   -DWIN32 -DWIN64 -D_DEBUG -D_CONSOLE -D_MBCS -Xcompiler "/EHsc /W3 /nologo /Od /Zi /RTC1 /MDd  " -o x64\Debug\student_func.cu.obj "G:\Files\Programs\Git\CS6068-Parallel-Computing\Udacity\Udacity 1\Udacity 3\student_func.cu" -clean
         
         G:\Files\Programs\Git\CS6068-Parallel-Computing\Udacity\Udacity 1\Udacity 3>"C:\Program Files\NVIDIA GPU Computing Toolkit\CUDA\v7.0\bin\nvcc.exe" -ccbin "C:\Program Files (x86)\Microsoft Visual Studio 12.0\VC\bin\x86_amd64"  -IC:\opencv\build\include -I"C:\Program Files\NVIDIA GPU Computing Toolkit\CUDA\v7.0\include" -I"C:\Program Files\NVIDIA GPU Computing Toolkit\CUDA\v7.0\include"  -G   --keep-dir x64\Debug -maxrregcount=0  --machine 64 --compile   -g   -DWIN32 -DWIN64 -D_DEBUG -D_CONSOLE -D_MBCS -Xcompiler "/EHsc /W3 /nologo /Od /Zi /RTC1 /MDd  " -o x64\Debug\student_func.cu.obj "G:\Files\Programs\Git\CS6068-Parallel-Computing\Udacity\Udacity 1\Udacity 3\student_func.cu" -clean 
         student_func.cu
       AddCudaCompileDeps:
         C:\Program Files (x86)\Microsoft Visual Studio 12.0\VC\bin\x86_amd64\cl.exe /E /nologo /showIncludes /TP /D__CUDACC__ /DWIN32 /DWIN64 /D_DEBUG /D_CONSOLE /D_MBCS /IC:\opencv\build\include /I"C:\Program Files\NVIDIA GPU Computing Toolkit\CUDA\v7.0\include" /I"C:\Program Files\NVIDIA GPU Computing Toolkit\CUDA\v7.0\bin" /I"C:\Program Files\NVIDIA GPU Computing Toolkit\CUDA\v7.0\include" /I. /FIcuda_runtime.h /c "G:\Files\Programs\Git\CS6068-Parallel-Computing\Udacity\Udacity 1\Udacity 3\HW3.cu" 
       AddCudaCompileDeps:
         C:\Program Files (x86)\Microsoft Visual Studio 12.0\VC\bin\x86_amd64\cl.exe /E /nologo /showIncludes /TP /D__CUDACC__ /DWIN32 /DWIN64 /D_DEBUG /D_CONSOLE /D_MBCS /IC:\opencv\build\include /I"C:\Program Files\NVIDIA GPU Computing Toolkit\CUDA\v7.0\include" /I"C:\Program Files\NVIDIA GPU Computing Toolkit\CUDA\v7.0\bin" /I"C:\Program Files\NVIDIA GPU Computing Toolkit\CUDA\v7.0\include" /I. /FIcuda_runtime.h /c "G:\Files\Programs\Git\CS6068-Parallel-Computing\Udacity\Udacity 1\Udacity 3\student_func.cu" 
       CudaBuild:
         Compiling CUDA source file HW3.cu...
         cmd.exe /C "C:\Users\Jeff\AppData\Local\Temp\tmp7c8ef332bc4f4a7c9430f33846162394.cmd"
         "C:\Program Files\NVIDIA GPU Computing Toolkit\CUDA\v7.0\bin\nvcc.exe" -gencode=arch=compute_20,code=\"sm_20,compute_20\" --use-local-env --cl-version 2013 -ccbin "C:\Program Files (x86)\Microsoft Visual Studio 12.0\VC\bin\x86_amd64"  -IC:\opencv\build\include -I"C:\Program Files\NVIDIA GPU Computing Toolkit\CUDA\v7.0\include" -I"C:\Program Files\NVIDIA GPU Computing Toolkit\CUDA\v7.0\include"  -G   --keep-dir x64\Debug -maxrregcount=0  --machine 64 --compile -cudart static  -g   -DWIN32 -DWIN64 -D_DEBUG -D_CONSOLE -D_MBCS -Xcompiler "/EHsc /W3 /nologo /Od /Zi /RTC1 /MDd  " -o x64\Debug\HW3.cu.obj "G:\Files\Programs\Git\CS6068-Parallel-Computing\Udacity\Udacity 1\Udacity 3\HW3.cu"
         
         G:\Files\Programs\Git\CS6068-Parallel-Computing\Udacity\Udacity 1\Udacity 3>"C:\Program Files\NVIDIA GPU Computing Toolkit\CUDA\v7.0\bin\nvcc.exe" -gencode=arch=compute_20,code=\"sm_20,compute_20\" --use-local-env --cl-version 2013 -ccbin "C:\Program Files (x86)\Microsoft Visual Studio 12.0\VC\bin\x86_amd64"  -IC:\opencv\build\include -I"C:\Program Files\NVIDIA GPU Computing Toolkit\CUDA\v7.0\include" -I"C:\Program Files\NVIDIA GPU Computing Toolkit\CUDA\v7.0\include"  -G   --keep-dir x64\Debug -maxrregcount=0  --machine 64 --compile -cudart static  -g   -DWIN32 -DWIN64 -D_DEBUG -D_CONSOLE -D_MBCS -Xcompiler "/EHsc /W3 /nologo /Od /Zi /RTC1 /MDd  " -o x64\Debug\HW3.cu.obj "G:\Files\Programs\Git\CS6068-Parallel-Computing\Udacity\Udacity 1\Udacity 3\HW3.cu" 
         HW3.cu
     1>C:\Program Files\NVIDIA GPU Computing Toolkit\CUDA\v7.0\include\thrust/system/cuda/detail/bulk/execution_policy.hpp(241): warning C4267: 'argument' : conversion from 'size_t' to 'thrust::system::cuda::detail::bulk_::parallel_group<thrust::system::cuda::detail::bulk_::agent<0x01>,0x00>::size_type', possible loss of data
     1>C:\Program Files\NVIDIA GPU Computing Toolkit\CUDA\v7.0\include\thrust/system/cuda/detail/bulk/execution_policy.hpp(303): warning C4267: 'argument' : conversion from 'size_t' to 'thrust::system::cuda::detail::bulk_::parallel_group<thrust::system::cuda::detail::bulk_::agent<0x01>,0x00>::size_type', possible loss of data
     1>C:\Program Files\NVIDIA GPU Computing Toolkit\CUDA\v7.0\include\thrust/system/cuda/detail/bulk/execution_policy.hpp(319): warning C4267: 'argument' : conversion from 'size_t' to 'thrust::system::cuda::detail::bulk_::parallel_group<thrust::system::cuda::detail::bulk_::agent<0x01>,0x00>::size_type', possible loss of data
     1>C:\Program Files\NVIDIA GPU Computing Toolkit\CUDA\v7.0\include\thrust/system/cuda/detail/bulk/execution_policy.hpp(439): warning C4267: 'argument' : conversion from 'size_t' to 'thrust::system::cuda::detail::bulk_::concurrent_group<thrust::system::cuda::detail::bulk_::agent<0x01>,0x00>::size_type', possible loss of data
     1>G:/Files/Programs/Git/CS6068-Parallel-Computing/Udacity/Udacity 1/Udacity 3/HW3.cu(181): warning C4267: 'argument' : conversion from 'size_t' to 'unsigned int', possible loss of data
     1>G:/Files/Programs/Git/CS6068-Parallel-Computing/Udacity/Udacity 1/Udacity 3/HW3.cu(183): warning C4267: 'argument' : conversion from 'size_t' to 'int', possible loss of data
     1>G:/Files/Programs/Git/CS6068-Parallel-Computing/Udacity/Udacity 1/Udacity 3/HW3.cu(210): warning C4267: 'initializing' : conversion from 'size_t' to 'const int', possible loss of data
     1>G:/Files/Programs/Git/CS6068-Parallel-Computing/Udacity/Udacity 1/Udacity 3/HW3.cu(242): warning C4267: 'argument' : conversion from 'size_t' to 'unsigned int', possible loss of data
     1>G:/Files/Programs/Git/CS6068-Parallel-Computing/Udacity/Udacity 1/Udacity 3/HW3.cu(247): warning C4267: 'argument' : conversion from 'size_t' to 'int', possible loss of data
     1>C:\Program Files\NVIDIA GPU Computing Toolkit\CUDA\v7.0\include\thrust/system/cuda/detail/bulk/execution_policy.hpp(250): warning C4267: 'argument' : conversion from 'size_t' to 'thrust::system::cuda::detail::bulk_::parallel_group<thrust::system::cuda::detail::bulk_::concurrent_group<thrust::system::cuda::detail::bulk_::agent<0x01>,0x00>,0x00>::size_type', possible loss of data
                 C:\Program Files\NVIDIA GPU Computing Toolkit\CUDA\v7.0\include\thrust/system/cuda/detail/bulk/execution_policy.hpp(625) : see reference to function template instantiation 'thrust::system::cuda::detail::bulk_::parallel_group<thrust::system::cuda::detail::bulk_::concurrent_group<thrust::system::cuda::detail::bulk_::agent<0x01>,0x00>,0x00> thrust::system::cuda::detail::bulk_::par<thrust::system::cuda::detail::bulk_::concurrent_group<thrust::system::cuda::detail::bulk_::agent<0x01>,0x00>>(ExecutionAgent,size_t)' being compiled
                 with
                 [
                     ExecutionAgent=thrust::system::cuda::detail::bulk_::concurrent_group<thrust::system::cuda::detail::bulk_::agent<0x01>,0x00>
                 ]
       CudaBuild:
         Compiling CUDA source file student_func.cu...
         cmd.exe /C "C:\Users\Jeff\AppData\Local\Temp\tmpec5d51c91d3740bb8e88f736874ca326.cmd"
         "C:\Program Files\NVIDIA GPU Computing Toolkit\CUDA\v7.0\bin\nvcc.exe" -gencode=arch=compute_20,code=\"sm_20,compute_20\" --use-local-env --cl-version 2013 -ccbin "C:\Program Files (x86)\Microsoft Visual Studio 12.0\VC\bin\x86_amd64"  -IC:\opencv\build\include -I"C:\Program Files\NVIDIA GPU Computing Toolkit\CUDA\v7.0\include" -I"C:\Program Files\NVIDIA GPU Computing Toolkit\CUDA\v7.0\include"  -G   --keep-dir x64\Debug -maxrregcount=0  --machine 64 --compile -cudart static  -g   -DWIN32 -DWIN64 -D_DEBUG -D_CONSOLE -D_MBCS -Xcompiler "/EHsc /W3 /nologo /Od /Zi /RTC1 /MDd  " -o x64\Debug\student_func.cu.obj "G:\Files\Programs\Git\CS6068-Parallel-Computing\Udacity\Udacity 1\Udacity 3\student_func.cu"
         
         G:\Files\Programs\Git\CS6068-Parallel-Computing\Udacity\Udacity 1\Udacity 3>"C:\Program Files\NVIDIA GPU Computing Toolkit\CUDA\v7.0\bin\nvcc.exe" -gencode=arch=compute_20,code=\"sm_20,compute_20\" --use-local-env --cl-version 2013 -ccbin "C:\Program Files (x86)\Microsoft Visual Studio 12.0\VC\bin\x86_amd64"  -IC:\opencv\build\include -I"C:\Program Files\NVIDIA GPU Computing Toolkit\CUDA\v7.0\include" -I"C:\Program Files\NVIDIA GPU Computing Toolkit\CUDA\v7.0\include"  -G   --keep-dir x64\Debug -maxrregcount=0  --machine 64 --compile -cudart static  -g   -DWIN32 -DWIN64 -D_DEBUG -D_CONSOLE -D_MBCS -Xcompiler "/EHsc /W3 /nologo /Od /Zi /RTC1 /MDd  " -o x64\Debug\student_func.cu.obj "G:\Files\Programs\Git\CS6068-Parallel-Computing\Udacity\Udacity 1\Udacity 3\student_func.cu" 
     1>G:/Files/Programs/Git/CS6068-Parallel-Computing/Udacity/Udacity 1/Udacity 3/student_func.cu(229): warning : floating-point value does not fit in required integral type
     1>G:/Files/Programs/Git/CS6068-Parallel-Computing/Udacity/Udacity 1/Udacity 3/student_func.cu(254): warning : floating-point value does not fit in required integral type
     1>G:/Files/Programs/Git/CS6068-Parallel-Computing/Udacity/Udacity 1/Udacity 3/student_func.cu(229): warning : floating-point value does not fit in required integral type
     1>G:/Files/Programs/Git/CS6068-Parallel-Computing/Udacity/Udacity 1/Udacity 3/student_func.cu(254): warning : floating-point value does not fit in required integral type
         student_func.cu
     1>G:/Files/Programs/Git/CS6068-Parallel-Computing/Udacity/Udacity 1/Udacity 3/student_func.cu(217): warning C4244: 'initializing' : conversion from 'double' to 'int', possible loss of data
     1>G:/Files/Programs/Git/CS6068-Parallel-Computing/Udacity/Udacity 1/Udacity 3/student_func.cu(218): warning C4244: 'initializing' : conversion from 'double' to 'int', possible loss of data
     1>G:/Files/Programs/Git/CS6068-Parallel-Computing/Udacity/Udacity 1/Udacity 3/student_func.cu(229): warning C4244: 'argument' : conversion from 'float' to 'int', possible loss of data
     1>G:/Files/Programs/Git/CS6068-Parallel-Computing/Udacity/Udacity 1/Udacity 3/student_func.cu(229): warning C4056: overflow in floating-point constant arithmetic
     1>G:/Files/Programs/Git/CS6068-Parallel-Computing/Udacity/Udacity 1/Udacity 3/student_func.cu(230): warning C4267: 'argument' : conversion from 'size_t' to 'int', possible loss of data
     1>G:/Files/Programs/Git/CS6068-Parallel-Computing/Udacity/Udacity 1/Udacity 3/student_func.cu(254): warning C4244: 'argument' : conversion from 'float' to 'int', possible loss of data
     1>G:/Files/Programs/Git/CS6068-Parallel-Computing/Udacity/Udacity 1/Udacity 3/student_func.cu(254): warning C4056: overflow in floating-point constant arithmetic
     1>G:/Files/Programs/Git/CS6068-Parallel-Computing/Udacity/Udacity 1/Udacity 3/student_func.cu(255): warning C4267: 'argument' : conversion from 'size_t' to 'int', possible loss of data
     1>G:/Files/Programs/Git/CS6068-Parallel-Computing/Udacity/Udacity 1/Udacity 3/student_func.cu(299): warning C4244: '=' : conversion from 'float' to 'int', possible loss of data
     1>G:/Files/Programs/Git/CS6068-Parallel-Computing/Udacity/Udacity 1/Udacity 3/student_func.cu(300): warning C4244: '=' : conversion from 'float' to 'int', possible loss of data
     1>G:/Files/Programs/Git/CS6068-Parallel-Computing/Udacity/Udacity 1/Udacity 3/student_func.cu(339): warning C4267: 'argument' : conversion from 'size_t' to 'unsigned int', possible loss of data
       ClCompile:
         C:\Program Files (x86)\Microsoft Visual Studio 12.0\VC\bin\x86_amd64\CL.exe /c /IC:\opencv\build\include /I"C:\Program Files\NVIDIA GPU Computing Toolkit\CUDA\v7.0\include" /Zi /nologo /W3 /WX- /Od /D WIN32 /D WIN64 /D _DEBUG /D _CONSOLE /D _MBCS /Gm /EHsc /RTC1 /MDd /GS /fp:precise /Zc:wchar_t /Zc:forScope /Fo"x64\Debug\\" /Fd"x64\Debug\vc120.pdb" /Gd /TP /errorReport:prompt compare.cpp loadSaveImage.cpp main.cpp reference_calc.cpp
         reference_calc.cpp
         main.cpp
         loadSaveImage.cpp
     1>loadSaveImage.cpp(109): warning C4267: '=' : conversion from 'size_t' to 'int', possible loss of data
     1>loadSaveImage.cpp(110): warning C4267: '=' : conversion from 'size_t' to 'int', possible loss of data
     1>loadSaveImage.cpp(125): warning C4267: '=' : conversion from 'size_t' to 'int', possible loss of data
     1>loadSaveImage.cpp(126): warning C4267: '=' : conversion from 'size_t' to 'int', possible loss of data
         compare.cpp
         Generating Code...
       Link:
         C:\Program Files (x86)\Microsoft Visual Studio 12.0\VC\bin\x86_amd64\link.exe /ERRORREPORT:PROMPT /OUT:"G:\Files\Programs\Git\CS6068-Parallel-Computing\Udacity\Udacity 1\x64\Debug\Udacity 3.exe" /INCREMENTAL /NOLOGO /LIBPATH:C:\opencv\build\x64\vc12\lib /LIBPATH:"C:\Program Files\NVIDIA GPU Computing Toolkit\CUDA\v7.0\lib\x64" cudart.lib kernel32.lib user32.lib gdi32.lib winspool.lib comdlg32.lib advapi32.lib shell32.lib ole32.lib oleaut32.lib uuid.lib odbc32.lib odbccp32.lib opencv_calib3d2411d.lib opencv_contrib2411d.lib opencv_core2411d.lib opencv_features2d2411d.lib opencv_flann2411d.lib opencv_gpu2411d.lib opencv_highgui2411d.lib opencv_imgproc2411d.lib opencv_legacy2411d.lib opencv_ml2411d.lib opencv_nonfree2411d.lib opencv_objdetect2411d.lib opencv_photo2411d.lib opencv_stitching2411d.lib opencv_superres2411d.lib opencv_ts2411d.lib opencv_video2411d.lib opencv_videostab2411d.lib /MANIFEST /MANIFESTUAC:"level='asInvoker' uiAccess='false'" /manifest:embed /DEBUG /PDB:"G:\Files\Programs\Git\CS6068-Parallel-Computing\Udacity\Udacity 1\x64\Debug\Udacity 3.pdb" /SUBSYSTEM:CONSOLE /TLBID:1 /DYNAMICBASE /NXCOMPAT /IMPLIB:"G:\Files\Programs\Git\CS6068-Parallel-Computing\Udacity\Udacity 1\x64\Debug\Udacity 3.lib" /MACHINE:X64 x64\Debug\HW3.cu.obj
         x64\Debug\student_func.cu.obj
         x64\Debug\compare.obj
         x64\Debug\loadSaveImage.obj
         x64\Debug\main.obj
         x64\Debug\reference_calc.obj
         Udacity 3.vcxproj -> G:\Files\Programs\Git\CS6068-Parallel-Computing\Udacity\Udacity 1\x64\Debug\Udacity 3.exe
       PostBuildEvent:
         echo copy "C:\Program Files\NVIDIA GPU Computing Toolkit\CUDA\v7.0\bin\cudart*.dll" "G:\Files\Programs\Git\CS6068-Parallel-Computing\Udacity\Udacity 1\x64\Debug\"
         copy "C:\Program Files\NVIDIA GPU Computing Toolkit\CUDA\v7.0\bin\cudart*.dll" "G:\Files\Programs\Git\CS6068-Parallel-Computing\Udacity\Udacity 1\x64\Debug\"
         :VCEnd
         copy "C:\Program Files\NVIDIA GPU Computing Toolkit\CUDA\v7.0\bin\cudart*.dll" "G:\Files\Programs\Git\CS6068-Parallel-Computing\Udacity\Udacity 1\x64\Debug\"
         C:\Program Files\NVIDIA GPU Computing Toolkit\CUDA\v7.0\bin\cudart32_70.dll
         C:\Program Files\NVIDIA GPU Computing Toolkit\CUDA\v7.0\bin\cudart64_70.dll
                 2 file(s) copied.
     1>Done Building Project "G:\Files\Programs\Git\CS6068-Parallel-Computing\Udacity\Udacity 1\Udacity 3\Udacity 3.vcxproj" (Rebuild target(s)).

Build succeeded.

Time Elapsed 00:00:31.20
